<?xml version="1.0" encoding="UTF-8"?>
<testsuite name="com.modu.ClientViewServer.ClientViewServerApplicationTests" tests="1" skipped="0" failures="0" errors="0" timestamp="2023-09-21T11:26:42" hostname="M2" time="0.727">
  <properties/>
  <testcase name="getRequest()" classname="com.modu.ClientViewServer.ClientViewServerApplicationTests" time="0.727"/>
  <system-out><![CDATA[20:26:42.135 [Test worker] INFO org.springframework.test.context.support.AnnotationConfigContextLoaderUtils -- Could not detect default configuration classes for test class [com.modu.ClientViewServer.ClientViewServerApplicationTests]: ClientViewServerApplicationTests does not declare any static, non-private, non-final, nested classes annotated with @Configuration.
20:26:42.183 [Test worker] INFO org.springframework.boot.test.context.SpringBootTestContextBootstrapper -- Found @SpringBootConfiguration com.modu.ClientViewServer.ClientViewServerApplication for test class com.modu.ClientViewServer.ClientViewServerApplicationTests

  .   ____          _            __ _ _
 /\\ / ___'_ __ _ _(_)_ __  __ _ \ \ \ \
( ( )\___ | '_ | '_| | '_ \/ _` | \ \ \ \
 \\/  ___)| |_)| | | | | || (_| |  ) ) ) )
  '  |____| .__|_| |_|_| |_\__, | / / / /
 =========|_|==============|___/=/_/_/_/
 :: Spring Boot ::                (v3.1.3)

2023-09-21T20:26:42.335+09:00  INFO 52470 --- [    Test worker] c.m.C.ClientViewServerApplicationTests   : Starting ClientViewServerApplicationTests using Java 17.0.7 with PID 52470 (started by hugo in /Users/hugo/team_project/modu-repo/ClientViewServer)
2023-09-21T20:26:42.336+09:00  INFO 52470 --- [    Test worker] c.m.C.ClientViewServerApplicationTests   : No active profile set, falling back to 1 default profile: "default"
2023-09-21T20:26:42.713+09:00  INFO 52470 --- [    Test worker] o.s.b.a.w.s.WelcomePageHandlerMapping    : Adding welcome page template: index
2023-09-21T20:26:42.767+09:00  INFO 52470 --- [    Test worker] c.m.C.ClientViewServerApplicationTests   : Started ClientViewServerApplicationTests in 0.534 seconds (process running for 1.041)
<!DOCTYPE HTML>
<html>
<head>
    <meta charset="utf-8">
    <link href="/css/bootstrap.min.css" rel="stylesheet">
</head>
<body>

<div class="container" style="max-width: 600px">
    <div class="py-5 text-center">
        <h2>채팅방 목록</h2>
    </div>
    <div class="row">
        <div class="col">
            <form action="/chat/room" method="post">
                <input type="text" name="name" class="form-control">
                <button class="btn btn-primary float-end">채팅방 생성하기</button>
            </form>
        </div>
    </div>
    <hr class="my-4">
    <div>
        <table class="table">
            <thead>
            <tr>
                <th>채팅방 ID</th>
                <th>채팅방 Name</th>
                <th>링크</th>
            </tr>
            </thead>
            <tbody>
            <tr>
                <td>1-23</td>
                <td>제목1</td>
                <td><a href="/chat/1-23">제목1</a></td>
            </tr>
            <tr>
                <td>1-24</td>
                <td>도와주실</td>
                <td><a href="/chat/1-24">도와주실</a></td>
            </tr>
            </tbody>
        </table>
    </div>
</div> <!-- /container -->
</body>
</html>
200 OK
]]></system-out>
  <system-err><![CDATA[]]></system-err>
</testsuite>
